0 info it worked if it ends with ok
1 verbose cli [ 'node',
1 verbose cli   '/usr/local/bin/npm',
1 verbose cli   'start',
1 verbose cli   '-o',
1 verbose cli   './out.log',
1 verbose cli   '-l',
1 verbose cli   './login.js',
1 verbose cli   '-p',
1 verbose cli   '8080' ]
2 info using npm@1.4.28
3 info using node@v0.10.35
4 error Error: ENOENT, open '/Users/Adam/Development/errorMailer/node_modules/out.log/package.json'
5 error If you need help, you may report this *entire* log,
5 error including the npm and node versions, at:
5 error     <http://github.com/npm/npm/issues>
6 error System Darwin 13.4.0
7 error command "node" "/usr/local/bin/npm" "start" "-o" "./out.log" "-l" "./login.js" "-p" "8080"
8 error cwd /Users/Adam/Development/errorMailer
9 error node -v v0.10.35
10 error npm -v 1.4.28
11 error path /Users/Adam/Development/errorMailer/node_modules/out.log/package.json
12 error code ENOENT
13 error errno 34
14 verbose exit [ 34, true ]
